Determining if the pthread_create exist failed with the following output:
Change Dir: /home/user001/Documents/turtlebot2_wss/turtlebot_simulation/build/CMakeFiles/CMakeTmp

Run Build Command:"/usr/bin/make" "cmTC_062ed/fast"
/usr/bin/make -f CMakeFiles/cmTC_062ed.dir/build.make CMakeFiles/cmTC_062ed.dir/build
make[1]: Entering directory '/home/user001/Documents/turtlebot2_wss/turtlebot_simulation/build/CMakeFiles/CMakeTmp'
Building C object CMakeFiles/cmTC_062ed.dir/CheckSymbolExists.c.o
/usr/bin/cc     -o CMakeFiles/cmTC_062ed.dir/CheckSymbolExists.c.o   -c /home/user001/Documents/turtlebot2_wss/turtlebot_simulation/build/CMakeFiles/CMakeTmp/CheckSymbolExists.c
Linking C executable cmTC_062ed
/usr/bin/cmake -E cmake_link_script CMakeFiles/cmTC_062ed.dir/link.txt --verbose=1
/usr/bin/cc       CMakeFiles/cmTC_062ed.dir/CheckSymbolExists.c.o  -o cmTC_062ed -rdynamic 
CMakeFiles/cmTC_062ed.dir/CheckSymbolExists.c.o: In function `main':
CheckSymbolExists.c:(.text+0x16): undefined reference to `pthread_create'
collect2: error: ld returned 1 exit status
CMakeFiles/cmTC_062ed.dir/build.make:97: recipe for target 'cmTC_062ed' failed
make[1]: *** [cmTC_062ed] Error 1
make[1]: Leaving directory '/home/user001/Documents/turtlebot2_wss/turtlebot_simulation/build/CMakeFiles/CMakeTmp'
Makefile:126: recipe for target 'cmTC_062ed/fast' failed
make: *** [cmTC_062ed/fast] Error 2

File /home/user001/Documents/turtlebot2_wss/turtlebot_simulation/build/CMakeFiles/CMakeTmp/CheckSymbolExists.c:
/* */
#include <pthread.h>

int main(int argc, char** argv)
{
  (void)argv;
#ifndef pthread_create
  return ((int*)(&pthread_create))[argc];
#else
  (void)argc;
  return 0;
#endif
}

Determining if the function pthread_create exists in the pthreads failed with the following output:
Change Dir: /home/user001/Documents/turtlebot2_wss/turtlebot_simulation/build/CMakeFiles/CMakeTmp

Run Build Command:"/usr/bin/make" "cmTC_c6ba2/fast"
/usr/bin/make -f CMakeFiles/cmTC_c6ba2.dir/build.make CMakeFiles/cmTC_c6ba2.dir/build
make[1]: Entering directory '/home/user001/Documents/turtlebot2_wss/turtlebot_simulation/build/CMakeFiles/CMakeTmp'
Building C object CMakeFiles/cmTC_c6ba2.dir/CheckFunctionExists.c.o
/usr/bin/cc    -DCHECK_FUNCTION_EXISTS=pthread_create   -o CMakeFiles/cmTC_c6ba2.dir/CheckFunctionExists.c.o   -c /usr/share/cmake-3.5/Modules/CheckFunctionExists.c
Linking C executable cmTC_c6ba2
/usr/bin/cmake -E cmake_link_script CMakeFiles/cmTC_c6ba2.dir/link.txt --verbose=1
/usr/bin/cc   -DCHECK_FUNCTION_EXISTS=pthread_create    CMakeFiles/cmTC_c6ba2.dir/CheckFunctionExists.c.o  -o cmTC_c6ba2 -rdynamic -lpthreads 
/usr/bin/ld: cannot find -lpthreads
collect2: error: ld returned 1 exit status
CMakeFiles/cmTC_c6ba2.dir/build.make:97: recipe for target 'cmTC_c6ba2' failed
make[1]: *** [cmTC_c6ba2] Error 1
make[1]: Leaving directory '/home/user001/Documents/turtlebot2_wss/turtlebot_simulation/build/CMakeFiles/CMakeTmp'
Makefile:126: recipe for target 'cmTC_c6ba2/fast' failed
make: *** [cmTC_c6ba2/fast] Error 2


